<?xml version="1.0" encoding="UTF-8"?>
<testsuite xmlns:xsi="http://www.w3.org/2001/XMLSchema-instance" xsi:schemaLocation="https://maven.apache.org/surefire/maven-surefire-plugin/xsd/surefire-test-report.xsd" name="com.example.demo.TestRunner" time="3.864" tests="5" errors="0" skipped="0" failures="0">
  <properties>
[...]
</properties>
  <testcase name="Create a person" classname="Person API" time="0.924"/>
  <testcase name="Get a person by ID" classname="Person API" time="0.127"/>
  <testcase name="Retrieve all persons" classname="Person API" time="0.131"/>
  <testcase name="Update a person by ID" classname="Person API" time="0.064"/>
  <testcase name="Delete a person by ID" classname="Person API" time="0.055"/>
</testsuite>